This is pdfTeX, Version 3.14159265-2.6-1.40.21 (TeX Live 2020/Arch Linux) (preloaded format=pdflatex 2020.9.14)  10 OCT 2020 13:00
entering extended mode
 restricted \write18 enabled.
 %&-line parsing enabled.
**lista_1.tex
(./lista_1.tex
LaTeX2e <2020-02-02> patch level 5
L3 programming layer <2020-06-03>
! Undefined control sequence.
l.1 \section
            {1}
The control sequence at the end of the top line
of your error message was never \def'ed. If you have
misspelled it (e.g., `\hobx'), type `I' and the correct
spelling (e.g., `I\hbox'). Otherwise just continue,
and I'll forget about whatever was undefined.


! LaTeX Error: Missing \begin{document}.

See the LaTeX manual or LaTeX Companion for explanation.
Type  H <return>  for immediate help.
 ...                                              
                                                  
l.1 \section{1
              }
You're in trouble here.  Try typing  <return>  to proceed.
If that doesn't work, type  X <return>  to quit.

Missing character: There is no 1 in font nullfont!

Overfull \hbox (20.0pt too wide) in paragraph at lines 1--2
[] 
 []


! LaTeX Error: Missing \begin{document}.

See the LaTeX manual or LaTeX Companion for explanation.
Type  H <return>  for immediate help.
 ...                                              
                                                  
l.3 \begin{enumerate}
                     
You're in trouble here.  Try typing  <return>  to proceed.
If that doesn't work, type  X <return>  to quit.


Overfull \hbox (20.0pt too wide) in paragraph at lines 3--3
[] 
 []

LaTeX Font Info:    External font `cmex10' loaded for size
(Font)              <7> on input line 6.
LaTeX Font Info:    External font `cmex10' loaded for size
(Font)              <5> on input line 6.
Missing character: There is no e in font nullfont!

Overfull \hbox (20.32753pt too wide) in paragraph at lines 6--7
\OML/cmm/m/it/10 a[] \OT1/cmr/m/n/10 =
 []


Overfull \hbox (5.00002pt too wide) in paragraph at lines 6--7
\OT1/cmr/m/n/10 5$
 []


Overfull \hbox (21.28473pt too wide) in paragraph at lines 6--7
\OML/cmm/m/it/10 a[] \OT1/cmr/m/n/10 =
 []


Overfull \hbox (28.74316pt too wide) in paragraph at lines 6--7
\OML/cmm/m/it/10 a[] \OT1/cmr/m/n/10 +
 []


Overfull \hbox (31.55786pt too wide) in paragraph at lines 6--7
\OT1/cmr/m/n/10 3\OML/cmm/m/it/10 ; \OMS/cmsy/m/n/10 8\OML/cmm/m/it/10 n >
 []


Overfull \hbox (5.00002pt too wide) in paragraph at lines 6--7
\OT1/cmr/m/n/10 1$ 
 []

Missing character: There is no e in font nullfont!

Overfull \hbox (19.3333pt too wide) in paragraph at lines 7--8
\OML/cmm/m/it/10 b[] \OT1/cmr/m/n/10 =
 []


Overfull \hbox (5.00002pt too wide) in paragraph at lines 7--8
\OT1/cmr/m/n/10 2$
 []


Overfull \hbox (20.2905pt too wide) in paragraph at lines 7--8
\OML/cmm/m/it/10 b[] \OT1/cmr/m/n/10 =
 []


Overfull \hbox (46.52898pt too wide) in paragraph at lines 7--8
\OML/cmm/m/it/10 b[]; \OMS/cmsy/m/n/10 8\OML/cmm/m/it/10 n >
 []


Overfull \hbox (5.00002pt too wide) in paragraph at lines 7--8
\OT1/cmr/m/n/10 1$ 
 []

Missing character: There is no e in font nullfont!

Overfull \hbox (19.3692pt too wide) in paragraph at lines 8--9
\OML/cmm/m/it/10 c[] \OT1/cmr/m/n/10 =
 []


Overfull \hbox (5.00002pt too wide) in paragraph at lines 8--9
\OT1/cmr/m/n/10 0$
 []


Overfull \hbox (20.3264pt too wide) in paragraph at lines 8--9
\OML/cmm/m/it/10 c[] \OT1/cmr/m/n/10 =
 []


Overfull \hbox (32.78485pt too wide) in paragraph at lines 8--9
\OT1/cmr/m/n/10 2\OML/cmm/m/it/10 c[] \OT1/cmr/m/n/10 +
 []


Overfull \hbox (32.5602pt too wide) in paragraph at lines 8--9
\OML/cmm/m/it/10 n; \OMS/cmsy/m/n/10 8\OML/cmm/m/it/10 n >
 []


Overfull \hbox (5.00002pt too wide) in paragraph at lines 8--9
\OT1/cmr/m/n/10 1$ 
 []

)
! Emergency stop.
<*> lista_1.tex
               
*** (job aborted, no legal \end found)

 
Here is how much of TeX's memory you used:
 22 strings out of 480478
 455 string characters out of 5905959
 240147 words of memory out of 5000000
 16148 multiletter control sequences out of 15000+600000
 532338 words of font info for 24 fonts, out of 8000000 for 9000
 1141 hyphenation exceptions out of 8191
 18i,2n,15p,82b,155s stack positions out of 5000i,500n,10000p,200000b,80000s
!  ==> Fatal error occurred, no output PDF file produced!
